<?xml version="1.0" encoding="UTF-8"?>
<!-- Generated by org.testng.reporters.JUnitXMLReporter -->
<testsuite ignored="0" hostname="116673-LT3351" failures="0" tests="8" name="Shubham_Jogdand_QA_Engineer_SDET" time="0.101" errors="0" timestamp="2026-04-06T21:06:55 IST">
  <testcase classname="Selenium_FrameWork.Test_NG_1" name="a" time="0.014"/>
  <testcase classname="Selenium_FrameWork.Test_NG_1" name="b" time="0.002"/>
  <testcase classname="Selenium_FrameWork.Test_NG_1" name="c" time="0.0"/>
  <testcase classname="Selenium_FrameWork.Test_NG_1" name="d" time="0.002"/>
  <testcase classname="Selenium_FrameWork.Test_NG_2" name="aMethod" time="0.002"/>
  <testcase classname="Selenium_FrameWork.Test_NG_2" name="bMethod" time="0.002"/>
  <testcase classname="Selenium_FrameWork.Test_NG_2" name="cMethod" time="0.003"/>
  <testcase classname="Selenium_FrameWork.Test_NG_2" name="dMethod" time="0.002"/>
</testsuite> <!-- Shubham_Jogdand_QA_Engineer_SDET -->
