<?xml version="1.0" encoding="UTF-8"?>
<!-- Generated by org.testng.reporters.JUnitReportReporter -->
<testsuite hostname="116673-LT3351" failures="0" tests="6" name="Selenium_FrameWork.TESTNG7" time="0.001" errors="0" timestamp="2026-04-02T08:00:39 IST" skipped="2">
  <testcase classname="Selenium_FrameWork.TESTNG7" name="c" time="0.001"/>
  <testcase classname="Selenium_FrameWork.TESTNG7" name="a" time="0.000"/>
  <testcase classname="Selenium_FrameWork.TESTNG7" name="d" time="0.000"/>
  <testcase classname="Selenium_FrameWork.TESTNG7" name="f" time="0.000">
    <skipped/>
  </testcase> <!-- f -->
  <testcase classname="Selenium_FrameWork.TESTNG7" name="d" time="0.000"/>
  <testcase classname="Selenium_FrameWork.TESTNG7" name="b">
    <skipped/>
  </testcase> <!-- b -->
</testsuite> <!-- Selenium_FrameWork.TESTNG7 -->
