<?xml version="1.0" encoding="UTF-8"?>
<!-- Generated by org.testng.reporters.JUnitReportReporter -->
<testsuite hostname="116673-LT3351" failures="0" tests="2" name="Selenium_FrameWork.TESTNG8" time="0.000" errors="0" timestamp="2026-04-02T08:00:39 IST" skipped="1">
  <testcase classname="Selenium_FrameWork.TESTNG8" name="a" time="0.000">
    <skipped/>
  </testcase> <!-- a -->
  <testcase classname="Selenium_FrameWork.TESTNG8" name="b" time="0.000"/>
</testsuite> <!-- Selenium_FrameWork.TESTNG8 -->
