<?xml version="1.0" encoding="UTF-8"?>
<!-- Generated by org.testng.reporters.JUnitReportReporter -->
<testsuite hostname="116673-LT3351" failures="0" tests="4" name="Selenium_FrameWork.Test_NG_2" time="0.009" errors="0" timestamp="2026-04-06T21:06:56 IST" skipped="0">
  <testcase classname="Selenium_FrameWork.Test_NG_2" name="bMethod" time="0.002"/>
  <testcase classname="Selenium_FrameWork.Test_NG_2" name="cMethod" time="0.003"/>
  <testcase classname="Selenium_FrameWork.Test_NG_2" name="dMethod" time="0.002"/>
  <testcase classname="Selenium_FrameWork.Test_NG_2" name="aMethod" time="0.002"/>
</testsuite> <!-- Selenium_FrameWork.Test_NG_2 -->
