<?xml version="1.0" encoding="UTF-8"?>
<!-- Generated by org.testng.reporters.JUnitReportReporter -->
<testsuite hostname="116673-LT3351" failures="0" tests="13" name="Selenium_FrameWork.TestNG_7_Practices" time="0.007" errors="0" timestamp="2026-04-02T08:00:39 IST" skipped="1">
  <testcase classname="Selenium_FrameWork.TestNG_7_Practices" name="a" time="0.000"/>
  <testcase classname="Selenium_FrameWork.TestNG_7_Practices" name="a" time="0.001"/>
  <testcase classname="Selenium_FrameWork.TestNG_7_Practices" name="f" time="0.002">
    <skipped/>
  </testcase> <!-- f -->
  <testcase classname="Selenium_FrameWork.TestNG_7_Practices" name="a" time="0.001"/>
  <testcase classname="Selenium_FrameWork.TestNG_7_Practices" name="a" time="0.000"/>
  <testcase classname="Selenium_FrameWork.TestNG_7_Practices" name="a" time="0.000"/>
  <testcase classname="Selenium_FrameWork.TestNG_7_Practices" name="a" time="0.000"/>
  <testcase classname="Selenium_FrameWork.TestNG_7_Practices" name="a" time="0.000"/>
  <testcase classname="Selenium_FrameWork.TestNG_7_Practices" name="b" time="0.001"/>
  <testcase classname="Selenium_FrameWork.TestNG_7_Practices" name="a" time="0.001"/>
  <testcase classname="Selenium_FrameWork.TestNG_7_Practices" name="c" time="0.001"/>
  <testcase classname="Selenium_FrameWork.TestNG_7_Practices" name="a" time="0.000"/>
  <testcase classname="Selenium_FrameWork.TestNG_7_Practices" name="a" time="0.000"/>
</testsuite> <!-- Selenium_FrameWork.TestNG_7_Practices -->
