<?xml version="1.0" encoding="UTF-8"?>
<!-- Generated by org.testng.reporters.JUnitReportReporter -->
<testsuite hostname="116673-LT3351" failures="0" tests="3" name="Selenium_FrameWork.TestNG_1" time="0.002" errors="0" timestamp="2026-04-02T08:00:39 IST" skipped="1">
  <testcase classname="Selenium_FrameWork.TestNG_1" name="a" time="0.001"/>
  <testcase classname="Selenium_FrameWork.TestNG_1" name="c" time="0.001"/>
  <testcase classname="Selenium_FrameWork.TestNG_1" name="b">
    <skipped/>
  </testcase> <!-- b -->
</testsuite> <!-- Selenium_FrameWork.TestNG_1 -->
