<?xml version="1.0" encoding="UTF-8"?>
<!-- Generated by org.testng.reporters.JUnitReportReporter -->
<testsuite hostname="116673-LT3351" failures="0" tests="6" name="Selenium_FrameWork.TESTNG_GroupingOfTests" time="0.005" errors="0" timestamp="2026-04-02T08:00:39 IST" skipped="0">
  <testcase classname="Selenium_FrameWork.TESTNG_GroupingOfTests" name="e" time="0.001"/>
  <testcase classname="Selenium_FrameWork.TESTNG_GroupingOfTests" name="c" time="0.000"/>
  <testcase classname="Selenium_FrameWork.TESTNG_GroupingOfTests" name="b" time="0.001"/>
  <testcase classname="Selenium_FrameWork.TESTNG_GroupingOfTests" name="a" time="0.000"/>
  <testcase classname="Selenium_FrameWork.TESTNG_GroupingOfTests" name="d" time="0.001"/>
  <testcase classname="Selenium_FrameWork.TESTNG_GroupingOfTests" name="f" time="0.002"/>
</testsuite> <!-- Selenium_FrameWork.TESTNG_GroupingOfTests -->
