<?xml version="1.0" encoding="UTF-8"?>
<!-- Generated by org.testng.reporters.JUnitReportReporter -->
<testsuite hostname="116673-LT3351" failures="0" tests="4" name="Selenium_FrameWork.Test_NG_1" time="0.018" errors="0" timestamp="2026-04-06T21:06:56 IST" skipped="0">
  <testcase classname="Selenium_FrameWork.Test_NG_1" name="a" time="0.014"/>
  <testcase classname="Selenium_FrameWork.Test_NG_1" name="b" time="0.002"/>
  <testcase classname="Selenium_FrameWork.Test_NG_1" name="d" time="0.002"/>
  <testcase classname="Selenium_FrameWork.Test_NG_1" name="c" time="0.000"/>
</testsuite> <!-- Selenium_FrameWork.Test_NG_1 -->
