<?xml version="1.0" encoding="UTF-8"?>
<!-- Generated by org.testng.reporters.JUnitReportReporter -->
<testsuite hostname="116673-LT3351" failures="0" tests="4" name="Selenium_FrameWork.TestNG_SDET_Engineer_1" time="0.009" errors="0" timestamp="2026-04-02T12:48:36 IST" skipped="0">
  <testcase classname="Selenium_FrameWork.TestNG_SDET_Engineer_1" name="dMethod" time="0.007"/>
  <testcase classname="Selenium_FrameWork.TestNG_SDET_Engineer_1" name="cMethod" time="0.001"/>
  <testcase classname="Selenium_FrameWork.TestNG_SDET_Engineer_1" name="bMethod" time="0.001"/>
  <testcase classname="Selenium_FrameWork.TestNG_SDET_Engineer_1" name="aMethod" time="0.000"/>
</testsuite> <!-- Selenium_FrameWork.TestNG_SDET_Engineer_1 -->
