<?xml version="1.0" encoding="UTF-8"?>
<!-- Generated by org.testng.reporters.JUnitReportReporter -->
<testsuite hostname="116673-LT3351" failures="0" tests="25" name="Selenium_FrameWork.TestNG12$TESTNG13" time="0.030" errors="0" timestamp="2026-04-02T08:00:39 IST" skipped="0">
  <testcase classname="Selenium_FrameWork.TestNG12$TESTNG13" name="n" time="0.002"/>
  <testcase classname="Selenium_FrameWork.TestNG12$TESTNG13" name="u" time="0.001"/>
  <testcase classname="Selenium_FrameWork.TestNG12$TESTNG13" name="b" time="0.001"/>
  <testcase classname="Selenium_FrameWork.TestNG12$TESTNG13" name="e" time="0.001"/>
  <testcase classname="Selenium_FrameWork.TestNG12$TESTNG13" name="t" time="0.001"/>
  <testcase classname="Selenium_FrameWork.TestNG12$TESTNG13" name="f" time="0.001"/>
  <testcase classname="Selenium_FrameWork.TestNG12$TESTNG13" name="k" time="0.001"/>
  <testcase classname="Selenium_FrameWork.TestNG12$TESTNG13" name="m" time="0.001"/>
  <testcase classname="Selenium_FrameWork.TestNG12$TESTNG13" name="v" time="0.001"/>
  <testcase classname="Selenium_FrameWork.TestNG12$TESTNG13" name="p" time="0.002"/>
  <testcase classname="Selenium_FrameWork.TestNG12$TESTNG13" name="i" time="0.001"/>
  <testcase classname="Selenium_FrameWork.TestNG12$TESTNG13" name="q" time="0.001"/>
  <testcase classname="Selenium_FrameWork.TestNG12$TESTNG13" name="x" time="0.001"/>
  <testcase classname="Selenium_FrameWork.TestNG12$TESTNG13" name="c" time="0.001"/>
  <testcase classname="Selenium_FrameWork.TestNG12$TESTNG13" name="h" time="0.001"/>
  <testcase classname="Selenium_FrameWork.TestNG12$TESTNG13" name="d" time="0.001"/>
  <testcase classname="Selenium_FrameWork.TestNG12$TESTNG13" name="w" time="0.000"/>
  <testcase classname="Selenium_FrameWork.TestNG12$TESTNG13" name="s" time="0.001"/>
  <testcase classname="Selenium_FrameWork.TestNG12$TESTNG13" name="z" time="0.001"/>
  <testcase classname="Selenium_FrameWork.TestNG12$TESTNG13" name="y" time="0.001"/>
  <testcase classname="Selenium_FrameWork.TestNG12$TESTNG13" name="a" time="0.005"/>
  <testcase classname="Selenium_FrameWork.TestNG12$TESTNG13" name="o" time="0.001"/>
  <testcase classname="Selenium_FrameWork.TestNG12$TESTNG13" name="l" time="0.001"/>
  <testcase classname="Selenium_FrameWork.TestNG12$TESTNG13" name="r" time="0.001"/>
  <testcase classname="Selenium_FrameWork.TestNG12$TESTNG13" name="g" time="0.001"/>
</testsuite> <!-- Selenium_FrameWork.TestNG12$TESTNG13 -->
