<?xml version="1.0" encoding="UTF-8"?>
<!-- Generated by org.testng.reporters.JUnitReportReporter -->
<testsuite hostname="116673-LT3351" failures="0" tests="3" name="Selenium_FrameWork.Test_NG_SDET_4" time="24.980" errors="0" timestamp="2026-04-03T18:37:29 IST" skipped="0">
  <testcase classname="Selenium_FrameWork.Test_NG_SDET_4" name="enterDetails" time="8.327"/>
  <testcase classname="Selenium_FrameWork.Test_NG_SDET_4" name="enterDetails" time="8.324"/>
  <testcase classname="Selenium_FrameWork.Test_NG_SDET_4" name="enterDetails" time="8.329"/>
</testsuite> <!-- Selenium_FrameWork.Test_NG_SDET_4 -->
