<?xml version="1.0" encoding="UTF-8"?>
<!-- Generated by org.testng.reporters.JUnitReportReporter -->
<testsuite hostname="116673-LT3351" failures="0" tests="4" name="Selenium_FrameWork.TestNG_002" time="0.006" errors="0" timestamp="2026-04-02T08:00:39 IST" skipped="0">
  <testcase classname="Selenium_FrameWork.TestNG_002" name="z" time="0.002"/>
  <testcase classname="Selenium_FrameWork.TestNG_002" name="a3" time="0.002"/>
  <testcase classname="Selenium_FrameWork.TestNG_002" name="ab" time="0.001"/>
  <testcase classname="Selenium_FrameWork.TestNG_002" name="a1" time="0.001"/>
</testsuite> <!-- Selenium_FrameWork.TestNG_002 -->
