<?xml version="1.0" encoding="UTF-8"?>
<!-- Generated by org.testng.reporters.JUnitReportReporter -->
<testsuite hostname="116673-LT3351" failures="0" tests="5" name="Selenium_FrameWork.TestNG_8_Practices" time="0.003" errors="0" timestamp="2026-04-02T08:00:39 IST" skipped="4">
  <testcase classname="Selenium_FrameWork.TestNG_8_Practices" name="cMethod" time="0.002">
    <skipped/>
  </testcase> <!-- cMethod -->
  <testcase classname="Selenium_FrameWork.TestNG_8_Practices" name="dMethod" time="0.000"/>
  <testcase classname="Selenium_FrameWork.TestNG_8_Practices" name="aMethod" time="0.001">
    <skipped/>
  </testcase> <!-- aMethod -->
  <testcase classname="Selenium_FrameWork.TestNG_8_Practices" name="aMethod" time="0.000">
    <skipped/>
  </testcase> <!-- aMethod -->
  <testcase classname="Selenium_FrameWork.TestNG_8_Practices" name="bMethod">
    <skipped/>
  </testcase> <!-- bMethod -->
</testsuite> <!-- Selenium_FrameWork.TestNG_8_Practices -->
