<?xml version="1.0" encoding="UTF-8"?>
<!-- Generated by org.testng.reporters.JUnitReportReporter -->
<testsuite hostname="116673-LT3351" failures="0" tests="4" name="Selenium_FrameWork.TestNG_SDET_2" time="0.003" errors="0" timestamp="2026-04-02T08:00:39 IST" skipped="4">
  <testcase classname="Selenium_FrameWork.TestNG_SDET_2" name="c" time="0.001">
    <skipped/>
  </testcase> <!-- c -->
  <testcase classname="Selenium_FrameWork.TestNG_SDET_2" name="b" time="0.001">
    <skipped/>
  </testcase> <!-- b -->
  <testcase classname="Selenium_FrameWork.TestNG_SDET_2" name="a" time="0.001">
    <skipped/>
  </testcase> <!-- a -->
  <testcase classname="Selenium_FrameWork.TestNG_SDET_2" name="d" time="0.000">
    <skipped/>
  </testcase> <!-- d -->
</testsuite> <!-- Selenium_FrameWork.TestNG_SDET_2 -->
