<?xml version="1.0" encoding="UTF-8"?>
<!-- Generated by org.testng.reporters.JUnitReportReporter -->
<testsuite hostname="116673-LT3351" failures="0" tests="3" name="Selenium_FrameWork.TestNG2" time="0.002" errors="0" timestamp="2026-04-02T08:00:39 IST" skipped="0">
  <testcase classname="Selenium_FrameWork.TestNG2" name="A1" time="0.001"/>
  <testcase classname="Selenium_FrameWork.TestNG2" name="A2" time="0.001"/>
  <testcase classname="Selenium_FrameWork.TestNG2" name="A3" time="0.000"/>
</testsuite> <!-- Selenium_FrameWork.TestNG2 -->
