<?xml version="1.0" encoding="UTF-8"?>
<!-- Generated by org.testng.reporters.JUnitReportReporter -->
<testsuite hostname="116673-LT3351" failures="0" tests="7" name="Selenium_FrameWork.TestNG_004" time="0.004" errors="0" timestamp="2026-04-02T08:00:39 IST" skipped="3">
  <testcase classname="Selenium_FrameWork.TestNG_004" name="e" time="0.001"/>
  <testcase classname="Selenium_FrameWork.TestNG_004" name="g" time="0.001">
    <skipped/>
  </testcase> <!-- g -->
  <testcase classname="Selenium_FrameWork.TestNG_004" name="c" time="0.001"/>
  <testcase classname="Selenium_FrameWork.TestNG_004" name="e" time="0.001"/>
  <testcase classname="Selenium_FrameWork.TestNG_004" name="e" time="0.000"/>
  <testcase classname="Selenium_FrameWork.TestNG_004" name="d">
    <skipped/>
  </testcase> <!-- d -->
  <testcase classname="Selenium_FrameWork.TestNG_004" name="b">
    <skipped/>
  </testcase> <!-- b -->
</testsuite> <!-- Selenium_FrameWork.TestNG_004 -->
