<?xml version="1.0" encoding="UTF-8"?>
<!-- Generated by org.testng.reporters.JUnitReportReporter -->
<testsuite hostname="116673-LT3351" failures="0" tests="25" name="Selenium_FrameWork.TESTNG12" time="0.003" errors="0" timestamp="2026-04-02T08:00:39 IST" skipped="24">
  <testcase classname="Selenium_FrameWork.TESTNG12" name="a" time="0.003"/>
  <testcase classname="Selenium_FrameWork.TESTNG12" name="q">
    <skipped/>
  </testcase> <!-- q -->
  <testcase classname="Selenium_FrameWork.TESTNG12" name="v">
    <skipped/>
  </testcase> <!-- v -->
  <testcase classname="Selenium_FrameWork.TESTNG12" name="w">
    <skipped/>
  </testcase> <!-- w -->
  <testcase classname="Selenium_FrameWork.TESTNG12" name="t">
    <skipped/>
  </testcase> <!-- t -->
  <testcase classname="Selenium_FrameWork.TESTNG12" name="u">
    <skipped/>
  </testcase> <!-- u -->
  <testcase classname="Selenium_FrameWork.TESTNG12" name="z">
    <skipped/>
  </testcase> <!-- z -->
  <testcase classname="Selenium_FrameWork.TESTNG12" name="x">
    <skipped/>
  </testcase> <!-- x -->
  <testcase classname="Selenium_FrameWork.TESTNG12" name="i">
    <skipped/>
  </testcase> <!-- i -->
  <testcase classname="Selenium_FrameWork.TESTNG12" name="n">
    <skipped/>
  </testcase> <!-- n -->
  <testcase classname="Selenium_FrameWork.TESTNG12" name="o">
    <skipped/>
  </testcase> <!-- o -->
  <testcase classname="Selenium_FrameWork.TESTNG12" name="l">
    <skipped/>
  </testcase> <!-- l -->
  <testcase classname="Selenium_FrameWork.TESTNG12" name="m">
    <skipped/>
  </testcase> <!-- m -->
  <testcase classname="Selenium_FrameWork.TESTNG12" name="r">
    <skipped/>
  </testcase> <!-- r -->
  <testcase classname="Selenium_FrameWork.TESTNG12" name="s">
    <skipped/>
  </testcase> <!-- s -->
  <testcase classname="Selenium_FrameWork.TESTNG12" name="p">
    <skipped/>
  </testcase> <!-- p -->
  <testcase classname="Selenium_FrameWork.TESTNG12" name="f">
    <skipped/>
  </testcase> <!-- f -->
  <testcase classname="Selenium_FrameWork.TESTNG12" name="g">
    <skipped/>
  </testcase> <!-- g -->
  <testcase classname="Selenium_FrameWork.TESTNG12" name="d">
    <skipped/>
  </testcase> <!-- d -->
  <testcase classname="Selenium_FrameWork.TESTNG12" name="e">
    <skipped/>
  </testcase> <!-- e -->
  <testcase classname="Selenium_FrameWork.TESTNG12" name="k">
    <skipped/>
  </testcase> <!-- k -->
  <testcase classname="Selenium_FrameWork.TESTNG12" name="h">
    <skipped/>
  </testcase> <!-- h -->
  <testcase classname="Selenium_FrameWork.TESTNG12" name="y">
    <skipped/>
  </testcase> <!-- y -->
  <testcase classname="Selenium_FrameWork.TESTNG12" name="b">
    <skipped/>
  </testcase> <!-- b -->
  <testcase classname="Selenium_FrameWork.TESTNG12" name="c">
    <skipped/>
  </testcase> <!-- c -->
</testsuite> <!-- Selenium_FrameWork.TESTNG12 -->
