<?xml version="1.0" encoding="UTF-8"?>
<!-- Generated by org.testng.reporters.JUnitReportReporter -->
<testsuite hostname="116673-LT3351" failures="0" tests="3" name="Selenium_FrameWork.TESTNG10" time="0.001" errors="0" timestamp="2026-04-02T08:00:39 IST" skipped="2">
  <testcase classname="Selenium_FrameWork.TESTNG10" name="d" time="0.001"/>
  <testcase classname="Selenium_FrameWork.TESTNG10" name="b">
    <skipped/>
  </testcase> <!-- b -->
  <testcase classname="Selenium_FrameWork.TESTNG10" name="c">
    <skipped/>
  </testcase> <!-- c -->
</testsuite> <!-- Selenium_FrameWork.TESTNG10 -->
