<?xml version="1.0" encoding="UTF-8"?>
<!-- Generated by org.testng.reporters.JUnitReportReporter -->
<testsuite hostname="116673-LT3351" failures="0" tests="4" name="Selenium_FrameWork.TestNG_6_Practices" time="0.000" errors="0" timestamp="2026-04-02T08:00:39 IST" skipped="2">
  <testcase classname="Selenium_FrameWork.TestNG_6_Practices" name="b" time="0.000"/>
  <testcase classname="Selenium_FrameWork.TestNG_6_Practices" name="c" time="0.000"/>
  <testcase classname="Selenium_FrameWork.TestNG_6_Practices" name="d">
    <skipped/>
  </testcase> <!-- d -->
  <testcase classname="Selenium_FrameWork.TestNG_6_Practices" name="a">
    <skipped/>
  </testcase> <!-- a -->
</testsuite> <!-- Selenium_FrameWork.TestNG_6_Practices -->
