<?xml version="1.0" encoding="UTF-8"?>
<!-- Generated by org.testng.reporters.JUnitReportReporter -->
<testsuite hostname="116673-LT3351" failures="0" tests="4" name="Selenium_FrameWork.TestNG_9_Practices" time="0.002" errors="0" timestamp="2026-04-02T08:00:39 IST" skipped="4">
  <testcase classname="Selenium_FrameWork.TestNG_9_Practices" name="bTest" time="0.001">
    <skipped/>
  </testcase> <!-- bTest -->
  <testcase classname="Selenium_FrameWork.TestNG_9_Practices" name="cTest" time="0.000">
    <skipped/>
  </testcase> <!-- cTest -->
  <testcase classname="Selenium_FrameWork.TestNG_9_Practices" name="dTest" time="0.001">
    <skipped/>
  </testcase> <!-- dTest -->
  <testcase classname="Selenium_FrameWork.TestNG_9_Practices" name="aTest" time="0.000">
    <skipped/>
  </testcase> <!-- aTest -->
</testsuite> <!-- Selenium_FrameWork.TestNG_9_Practices -->
