<?xml version="1.0" encoding="UTF-8"?>
<!-- Generated by org.testng.reporters.JUnitReportReporter -->
<testsuite hostname="116673-LT3351" failures="0" tests="4" name="Selenium_FrameWork.Test_NG_SDET_1" time="0.011" errors="0" timestamp="2026-04-03T08:04:21 IST" skipped="0">
  <testcase classname="Selenium_FrameWork.Test_NG_SDET_1" name="aTEST" time="0.008"/>
  <testcase classname="Selenium_FrameWork.Test_NG_SDET_1" name="dTest" time="0.001"/>
  <testcase classname="Selenium_FrameWork.Test_NG_SDET_1" name="cTest" time="0.001"/>
  <testcase classname="Selenium_FrameWork.Test_NG_SDET_1" name="bTEST" time="0.001"/>
</testsuite> <!-- Selenium_FrameWork.Test_NG_SDET_1 -->
