<?xml version="1.0" encoding="UTF-8"?>
<!-- Generated by org.testng.reporters.JUnitReportReporter -->
<testsuite hostname="116673-LT3351" failures="0" tests="12" name="Selenium_FrameWork.TESTNG9" time="0.001" errors="0" timestamp="2026-04-02T08:00:39 IST" skipped="1">
  <testcase classname="Selenium_FrameWork.TESTNG9" name="d" time="0.000"/>
  <testcase classname="Selenium_FrameWork.TESTNG9" name="d" time="0.000"/>
  <testcase classname="Selenium_FrameWork.TESTNG9" name="d" time="0.000"/>
  <testcase classname="Selenium_FrameWork.TESTNG9" name="d" time="0.000"/>
  <testcase classname="Selenium_FrameWork.TESTNG9" name="c" time="0.000"/>
  <testcase classname="Selenium_FrameWork.TESTNG9" name="d" time="0.000"/>
  <testcase classname="Selenium_FrameWork.TESTNG9" name="d" time="0.000"/>
  <testcase classname="Selenium_FrameWork.TESTNG9" name="d" time="0.000"/>
  <testcase classname="Selenium_FrameWork.TESTNG9" name="d" time="0.000"/>
  <testcase classname="Selenium_FrameWork.TESTNG9" name="d" time="0.001"/>
  <testcase classname="Selenium_FrameWork.TESTNG9" name="d" time="0.000"/>
  <testcase classname="Selenium_FrameWork.TESTNG9" name="a">
    <skipped/>
  </testcase> <!-- a -->
</testsuite> <!-- Selenium_FrameWork.TESTNG9 -->
