<?xml version="1.0" encoding="UTF-8"?>
<!-- Generated by org.testng.reporters.JUnitReportReporter -->
<testsuite hostname="116673-LT3351" failures="0" tests="3" name="Selenium_FrameWork.TestNG_1_Practices" time="0.003" errors="0" timestamp="2026-04-02T08:00:39 IST" skipped="0">
  <testcase classname="Selenium_FrameWork.TestNG_1_Practices" name="c" time="0.001"/>
  <testcase classname="Selenium_FrameWork.TestNG_1_Practices" name="b" time="0.002"/>
  <testcase classname="Selenium_FrameWork.TestNG_1_Practices" name="a" time="0.000"/>
</testsuite> <!-- Selenium_FrameWork.TestNG_1_Practices -->
