<?xml version="1.0" encoding="UTF-8"?>
<!-- Generated by org.testng.reporters.JUnitReportReporter -->
<testsuite hostname="116673-LT3351" failures="0" tests="4" name="Selenium_FrameWork.TestNG1" time="0.010" errors="0" timestamp="2026-04-02T08:00:39 IST" skipped="0">
  <testcase classname="Selenium_FrameWork.TestNG1" name="B1" time="0.003"/>
  <testcase classname="Selenium_FrameWork.TestNG1" name="a" time="0.002"/>
  <testcase classname="Selenium_FrameWork.TestNG1" name="a1" time="0.003"/>
  <testcase classname="Selenium_FrameWork.TestNG1" name="B2" time="0.002"/>
</testsuite> <!-- Selenium_FrameWork.TestNG1 -->
