<?xml version="1.0" encoding="UTF-8"?>
<!-- Generated by org.testng.reporters.JUnitXMLReporter -->
<testsuite ignored="0" hostname="116673-LT3351" failures="1" tests="2" name="Default test(failed)" time="0.035" errors="0" timestamp="2026-04-03T07:48:32 IST">
  <testcase classname="Selenium_FrameWork.TestNG_SDET_Engineer_2" name="a" time="0.01">
    <failure type="java.lang.AssertionError">
      <![CDATA[java.lang.AssertionError
at org.junit.Assert.fail(Assert.java:86)
at org.junit.Assert.assertTrue(Assert.java:41)
at org.junit.Assert.assertFalse(Assert.java:64)
at org.junit.Assert.assertFalse(Assert.java:74)
at Selenium_FrameWork.TestNG_SDET_Engineer_2.a(TestNG_SDET_Engineer_2.java:10)
at java.base/java.util.ArrayList.forEach(ArrayList.java:1596)
... Removed 25 stack frames]]>
    </failure>
  </testcase> <!-- a -->
  <testcase classname="Selenium_FrameWork.TestNG_SDET_Engineer_2" name="b" time="0.0">
    <skipped/>
  </testcase> <!-- b -->
</testsuite> <!-- Default test(failed) -->
